TN:
SF:src\modules\appointments\services\CreateAppointmentService.ts
FN:41,__decorate
FN:41,__metadata
FN:41,__param
FN:41,__awaiter
FN:41,adopt
FN:41,fulfilled
FN:41,rejected
FN:41,step
FN:41,__generator
FN:41,sent
FN:41,g.<computed>
FN:41,verb
FN:41,step
FN:41,__importDefault
FN:16,CreateAppointmentService
FN:21,CreateAppointmentService.execute
FNF:16
FNH:14
FNDA:1,__decorate
FNDA:1,__metadata
FNDA:1,__param
FNDA:3,__awaiter
FNDA:5,adopt
FNDA:5,fulfilled
FNDA:0,rejected
FNDA:7,step
FNDA:3,__generator
FNDA:5,sent
FNDA:0,g.<computed>
FNDA:9,verb
FNDA:8,step
FNDA:1,__importDefault
FNDA:2,CreateAppointmentService
FNDA:3,CreateAppointmentService.execute
DA:1,1
DA:2,1
DA:3,1
DA:4,1
DA:5,1
DA:6,1
DA:7,1
DA:8,1
DA:9,1
DA:10,1
DA:11,1
DA:12,1
DA:13,1
DA:14,1
DA:15,1
DA:16,1
DA:17,2
DA:18,2
DA:19,2
DA:20,1
DA:21,1
DA:22,3
DA:23,3
DA:24,3
DA:25,3
DA:26,3
DA:27,3
DA:28,3
DA:29,1
DA:30,1
DA:31,2
DA:32,2
DA:33,2
DA:34,2
DA:35,2
DA:36,3
DA:37,3
DA:38,3
DA:39,1
DA:40,1
DA:41,1
LF:41
LH:41
BRDA:41,0,0,1
BRDA:41,1,0,1
BRDA:41,2,0,0
BRDA:41,3,0,0
BRDA:41,4,0,0
BRDA:41,5,0,0
BRDA:41,6,0,1
BRDA:41,7,0,1
BRDA:41,8,0,1
BRDA:41,9,0,3
BRDA:41,10,0,5
BRDA:41,11,0,0
BRDA:41,12,0,3
BRDA:41,13,0,5
BRDA:41,14,0,4
BRDA:41,15,0,1
BRDA:41,16,0,7
BRDA:41,17,0,2
BRDA:41,18,0,5
BRDA:41,19,0,3
BRDA:41,20,0,5
BRDA:41,21,0,0
BRDA:41,22,0,9
BRDA:41,23,0,8
BRDA:41,24,0,8
BRDA:41,25,0,0
BRDA:41,26,0,16
BRDA:41,27,0,0
BRDA:41,28,0,0
BRDA:41,29,0,0
BRDA:41,30,0,0
BRDA:41,31,0,8
BRDA:41,32,0,8
BRDA:41,33,0,5
BRDA:41,34,0,0
BRDA:41,35,0,0
BRDA:41,36,0,3
BRDA:41,37,0,0
BRDA:41,38,0,2
BRDA:41,39,0,0
BRDA:41,40,0,0
BRDA:41,41,0,0
BRDA:41,42,0,0
BRDA:41,43,0,8
BRDA:41,44,0,7
BRDA:41,45,0,1
BRDA:41,46,0,8
BRDA:41,47,0,3
BRDA:41,48,0,1
BRDA:41,49,0,2
BRDA:41,50,0,0
BRDA:41,51,0,1
BRDA:41,52,0,0
BRDA:15,53,0,1
BRDA:16,54,0,2
BRDA:21,55,0,3
BRDA:41,56,0,3
BRDA:41,57,0,8
BRDA:41,58,0,3
BRDA:41,59,0,3
BRDA:28,60,0,1
BRDA:30,61,0,2
BRDA:41,62,0,2
BRF:63
BRH:43
end_of_record
TN:
SF:src\modules\users\services\AuthenticataUserService.ts
FN:56,__decorate
FN:56,__metadata
FN:56,__param
FN:56,__awaiter
FN:56,adopt
FN:56,fulfilled
FN:56,rejected
FN:56,step
FN:56,__generator
FN:56,sent
FN:56,g.<computed>
FN:56,verb
FN:56,step
FN:56,__importDefault
FN:23,AuthenticataUserService
FN:31,AuthenticataUserService.execute
FNF:16
FNH:14
FNDA:1,__decorate
FNDA:1,__metadata
FNDA:2,__param
FNDA:3,__awaiter
FNDA:5,adopt
FNDA:5,fulfilled
FNDA:0,rejected
FNDA:6,step
FNDA:3,__generator
FNDA:5,sent
FNDA:0,g.<computed>
FNDA:9,verb
FNDA:8,step
FNDA:2,__importDefault
FNDA:3,AuthenticataUserService
FNDA:3,AuthenticataUserService.execute
DA:1,1
DA:2,1
DA:3,1
DA:4,1
DA:5,1
DA:6,1
DA:7,1
DA:8,1
DA:9,1
DA:10,1
DA:11,1
DA:12,1
DA:13,1
DA:14,1
DA:15,1
DA:16,1
DA:17,1
DA:18,1
DA:19,1
DA:20,1
DA:21,1
DA:22,1
DA:23,1
DA:24,3
DA:25,3
DA:26,3
DA:27,3
DA:28,3
DA:29,3
DA:30,1
DA:31,1
DA:32,3
DA:33,3
DA:34,3
DA:35,1
DA:36,1
DA:37,2
DA:38,2
DA:39,2
DA:40,2
DA:41,2
DA:42,3
DA:43,3
DA:44,1
DA:45,1
DA:46,1
DA:47,1
DA:48,1
DA:49,1
DA:50,1
DA:51,1
DA:52,1
DA:53,3
DA:54,1
DA:55,1
DA:56,1
LF:56
LH:56
BRDA:56,0,0,1
BRDA:56,1,0,1
BRDA:56,2,0,0
BRDA:56,3,0,0
BRDA:56,4,0,0
BRDA:56,5,0,0
BRDA:56,6,0,1
BRDA:56,7,0,2
BRDA:56,8,0,2
BRDA:56,9,0,3
BRDA:56,10,0,5
BRDA:56,11,0,0
BRDA:56,12,0,3
BRDA:56,13,0,5
BRDA:56,14,0,3
BRDA:56,15,0,2
BRDA:56,16,0,6
BRDA:56,17,0,1
BRDA:56,18,0,5
BRDA:56,19,0,3
BRDA:56,20,0,5
BRDA:56,21,0,0
BRDA:56,22,0,9
BRDA:56,23,0,8
BRDA:56,24,0,8
BRDA:56,25,0,0
BRDA:56,26,0,16
BRDA:56,27,0,0
BRDA:56,28,0,0
BRDA:56,29,0,0
BRDA:56,30,0,0
BRDA:56,31,0,8
BRDA:56,32,0,8
BRDA:56,33,0,5
BRDA:56,34,0,0
BRDA:56,35,0,0
BRDA:56,36,0,3
BRDA:56,37,0,0
BRDA:56,38,0,1
BRDA:56,39,0,0
BRDA:56,40,0,0
BRDA:56,41,0,0
BRDA:56,42,0,0
BRDA:56,43,0,8
BRDA:56,44,0,6
BRDA:56,45,0,2
BRDA:56,46,0,8
BRDA:56,47,0,3
BRDA:56,48,0,2
BRDA:56,49,0,1
BRDA:56,50,0,0
BRDA:56,51,0,2
BRDA:56,52,0,0
BRDA:22,53,0,1
BRDA:23,54,0,3
BRDA:31,55,0,3
BRDA:56,56,0,3
BRDA:56,57,0,8
BRDA:32,58,0,3
BRDA:56,59,0,3
BRDA:34,60,0,1
BRDA:36,61,0,2
BRDA:56,62,0,2
BRDA:43,63,0,1
BRF:64
BRH:44
end_of_record
TN:
SF:src\modules\users\services\CreateUserService.ts
FN:44,__decorate
FN:44,__metadata
FN:44,__param
FN:44,__awaiter
FN:44,adopt
FN:44,fulfilled
FN:44,rejected
FN:44,step
FN:44,__generator
FN:44,sent
FN:44,g.<computed>
FN:44,verb
FN:44,step
FN:44,__importDefault
FN:17,CreateUserService
FN:25,CreateUserService.execute
FNF:16
FNH:14
FNDA:2,__decorate
FNDA:2,__metadata
FNDA:4,__param
FNDA:5,__awaiter
FNDA:13,adopt
FNDA:13,fulfilled
FNDA:0,rejected
FNDA:17,step
FNDA:5,__generator
FNDA:13,sent
FNDA:0,g.<computed>
FNDA:15,verb
FNDA:18,step
FNDA:2,__importDefault
FNDA:5,CreateUserService
FNDA:5,CreateUserService.execute
DA:1,1
DA:2,1
DA:3,1
DA:4,1
DA:5,1
DA:6,1
DA:7,1
DA:8,1
DA:9,1
DA:10,1
DA:11,1
DA:12,1
DA:13,1
DA:14,1
DA:15,1
DA:16,2
DA:17,2
DA:18,5
DA:19,5
DA:20,5
DA:21,5
DA:22,5
DA:23,5
DA:24,2
DA:25,2
DA:26,5
DA:27,5
DA:28,5
DA:29,1
DA:30,1
DA:31,4
DA:32,4
DA:33,5
DA:34,5
DA:35,5
DA:36,5
DA:37,5
DA:38,5
DA:39,5
DA:40,5
DA:41,5
DA:42,2
DA:43,1
DA:44,1
LF:44
LH:44
BRDA:44,0,0,2
BRDA:44,1,0,2
BRDA:44,2,0,0
BRDA:44,3,0,0
BRDA:44,4,0,0
BRDA:44,5,0,0
BRDA:44,6,0,2
BRDA:44,7,0,4
BRDA:44,8,0,4
BRDA:44,9,0,5
BRDA:44,10,0,13
BRDA:44,11,0,0
BRDA:44,12,0,5
BRDA:44,13,0,13
BRDA:44,14,0,12
BRDA:44,15,0,1
BRDA:44,16,0,17
BRDA:44,17,0,4
BRDA:44,18,0,13
BRDA:44,19,0,5
BRDA:44,20,0,13
BRDA:44,21,0,0
BRDA:44,22,0,15
BRDA:44,23,0,18
BRDA:44,24,0,18
BRDA:44,25,0,0
BRDA:44,26,0,36
BRDA:44,27,0,0
BRDA:44,28,0,0
BRDA:44,29,0,0
BRDA:44,30,0,0
BRDA:44,31,0,18
BRDA:44,32,0,18
BRDA:44,33,0,13
BRDA:44,34,0,0
BRDA:44,35,0,0
BRDA:44,36,0,5
BRDA:44,37,0,0
BRDA:44,38,0,4
BRDA:44,39,0,0
BRDA:44,40,0,0
BRDA:44,41,0,0
BRDA:44,42,0,0
BRDA:44,43,0,28
BRDA:44,44,0,18
BRDA:44,45,0,17
BRDA:44,46,0,1
BRDA:44,47,0,18
BRDA:44,48,0,5
BRDA:44,49,0,1
BRDA:44,50,0,4
BRDA:44,51,0,0
BRDA:44,52,0,2
BRDA:44,53,0,0
BRDA:16,54,0,2
BRDA:17,55,0,5
BRDA:25,56,0,5
BRDA:44,57,0,5
BRDA:44,58,0,18
BRDA:26,59,0,5
BRDA:44,60,0,5
BRDA:28,61,0,1
BRDA:30,62,0,4
BRDA:44,63,0,4
BRDA:44,64,0,4
BRF:65
BRH:45
end_of_record
TN:
SF:src\modules\users\services\ResetPasswordService.ts
FN:55,__decorate
FN:55,__metadata
FN:55,__param
FN:55,__awaiter
FN:55,adopt
FN:55,fulfilled
FN:55,rejected
FN:55,step
FN:55,__generator
FN:55,sent
FN:55,g.<computed>
FN:55,verb
FN:55,step
FN:55,__importDefault
FN:18,ResetPasswordService
FN:29,ResetPasswordService.execute
FNF:16
FNH:14
FNDA:1,__decorate
FNDA:1,__metadata
FNDA:3,__param
FNDA:4,__awaiter
FNDA:9,adopt
FNDA:9,fulfilled
FNDA:0,rejected
FNDA:10,step
FNDA:4,__generator
FNDA:9,sent
FNDA:0,g.<computed>
FNDA:12,verb
FNDA:13,step
FNDA:1,__importDefault
FNDA:4,ResetPasswordService
FNDA:4,ResetPasswordService.execute
DA:1,1
DA:2,1
DA:3,1
DA:4,1
DA:5,1
DA:6,1
DA:7,1
DA:8,1
DA:9,1
DA:10,1
DA:11,1
DA:12,1
DA:13,1
DA:14,1
DA:15,1
DA:16,1
DA:17,1
DA:18,1
DA:19,4
DA:20,4
DA:21,4
DA:22,4
DA:23,4
DA:24,4
DA:25,4
DA:26,4
DA:27,4
DA:28,1
DA:29,1
DA:30,4
DA:31,4
DA:32,4
DA:33,1
DA:34,1
DA:35,3
DA:36,3
DA:37,4
DA:38,4
DA:39,1
DA:40,1
DA:41,2
DA:42,2
DA:43,2
DA:44,2
DA:45,4
DA:46,1
DA:47,1
DA:48,1
DA:49,1
DA:50,4
DA:51,4
DA:52,4
DA:53,1
DA:54,1
DA:55,1
LF:55
LH:55
BRDA:55,0,0,1
BRDA:55,1,0,1
BRDA:55,2,0,0
BRDA:55,3,0,0
BRDA:55,4,0,0
BRDA:55,5,0,0
BRDA:55,6,0,1
BRDA:55,7,0,3
BRDA:55,8,0,3
BRDA:55,9,0,4
BRDA:55,10,0,9
BRDA:55,11,0,0
BRDA:55,12,0,4
BRDA:55,13,0,9
BRDA:55,14,0,6
BRDA:55,15,0,3
BRDA:55,16,0,10
BRDA:55,17,0,1
BRDA:55,18,0,9
BRDA:55,19,0,4
BRDA:55,20,0,9
BRDA:55,21,0,0
BRDA:55,22,0,12
BRDA:55,23,0,13
BRDA:55,24,0,13
BRDA:55,25,0,0
BRDA:55,26,0,26
BRDA:55,27,0,0
BRDA:55,28,0,0
BRDA:55,29,0,0
BRDA:55,30,0,0
BRDA:55,31,0,13
BRDA:55,32,0,13
BRDA:55,33,0,9
BRDA:55,34,0,0
BRDA:55,35,0,0
BRDA:55,36,0,4
BRDA:55,37,0,0
BRDA:55,38,0,1
BRDA:55,39,0,0
BRDA:55,40,0,0
BRDA:55,41,0,0
BRDA:55,42,0,0
BRDA:55,43,0,13
BRDA:55,44,0,10
BRDA:55,45,0,3
BRDA:55,46,0,13
BRDA:55,47,0,4
BRDA:55,48,0,3
BRDA:55,49,0,1
BRDA:55,50,0,0
BRDA:55,51,0,1
BRDA:55,52,0,0
BRDA:17,53,0,1
BRDA:18,54,0,4
BRDA:29,55,0,4
BRDA:55,56,0,4
BRDA:55,57,0,13
BRDA:30,58,0,4
BRDA:55,59,0,4
BRDA:32,60,0,1
BRDA:34,61,0,3
BRDA:55,62,0,3
BRDA:38,63,0,1
BRDA:40,64,0,2
BRDA:45,65,0,1
BRDA:55,66,0,1
BRDA:55,67,0,1
BRF:68
BRH:48
end_of_record
TN:
SF:src\modules\users\services\SendForgotPasswordEmailService.ts
FN:60,__decorate
FN:60,__metadata
FN:60,__param
FN:60,__awaiter
FN:60,adopt
FN:60,fulfilled
FN:60,rejected
FN:60,step
FN:60,__generator
FN:60,sent
FN:60,g.<computed>
FN:60,verb
FN:60,step
FN:60,__importDefault
FN:16,SendForgotEmailPasswordService
FN:27,SendForgotEmailPasswordService.execute
FNF:16
FNH:14
FNDA:1,__decorate
FNDA:1,__metadata
FNDA:3,__param
FNDA:3,__awaiter
FNDA:7,adopt
FNDA:7,fulfilled
FNDA:0,rejected
FNDA:9,step
FNDA:3,__generator
FNDA:7,sent
FNDA:0,g.<computed>
FNDA:9,verb
FNDA:10,step
FNDA:2,__importDefault
FNDA:3,SendForgotEmailPasswordService
FNDA:3,SendForgotEmailPasswordService.execute
DA:1,1
DA:2,1
DA:3,1
DA:4,1
DA:5,1
DA:6,1
DA:7,1
DA:8,1
DA:9,1
DA:10,1
DA:11,1
DA:12,1
DA:13,1
DA:14,1
DA:15,1
DA:16,1
DA:17,3
DA:18,3
DA:19,3
DA:20,3
DA:21,3
DA:22,3
DA:23,3
DA:24,3
DA:25,3
DA:26,1
DA:27,1
DA:28,3
DA:29,3
DA:30,3
DA:31,1
DA:32,1
DA:33,2
DA:34,2
DA:35,3
DA:36,3
DA:37,3
DA:38,3
DA:39,3
DA:40,3
DA:41,3
DA:42,3
DA:43,3
DA:44,3
DA:45,3
DA:46,3
DA:47,3
DA:48,3
DA:49,3
DA:50,3
DA:51,3
DA:52,3
DA:53,3
DA:54,3
DA:55,3
DA:56,3
DA:57,3
DA:58,1
DA:59,1
DA:60,1
LF:60
LH:60
BRDA:60,0,0,1
BRDA:60,1,0,1
BRDA:60,2,0,0
BRDA:60,3,0,0
BRDA:60,4,0,0
BRDA:60,5,0,0
BRDA:60,6,0,1
BRDA:60,7,0,3
BRDA:60,8,0,3
BRDA:60,9,0,3
BRDA:60,10,0,7
BRDA:60,11,0,0
BRDA:60,12,0,3
BRDA:60,13,0,7
BRDA:60,14,0,6
BRDA:60,15,0,1
BRDA:60,16,0,9
BRDA:60,17,0,2
BRDA:60,18,0,7
BRDA:60,19,0,3
BRDA:60,20,0,7
BRDA:60,21,0,0
BRDA:60,22,0,9
BRDA:60,23,0,10
BRDA:60,24,0,10
BRDA:60,25,0,0
BRDA:60,26,0,20
BRDA:60,27,0,0
BRDA:60,28,0,0
BRDA:60,29,0,0
BRDA:60,30,0,0
BRDA:60,31,0,10
BRDA:60,32,0,10
BRDA:60,33,0,7
BRDA:60,34,0,0
BRDA:60,35,0,0
BRDA:60,36,0,3
BRDA:60,37,0,0
BRDA:60,38,0,2
BRDA:60,39,0,0
BRDA:60,40,0,0
BRDA:60,41,0,0
BRDA:60,42,0,0
BRDA:60,43,0,10
BRDA:60,44,0,9
BRDA:60,45,0,1
BRDA:60,46,0,10
BRDA:60,47,0,3
BRDA:60,48,0,1
BRDA:60,49,0,2
BRDA:60,50,0,0
BRDA:60,51,0,2
BRDA:60,52,0,1
BRDA:60,53,0,1
BRDA:15,54,0,1
BRDA:16,55,0,3
BRDA:27,56,0,3
BRDA:60,57,0,3
BRDA:60,58,0,10
BRDA:28,59,0,3
BRDA:60,60,0,3
BRDA:30,61,0,1
BRDA:32,62,0,2
BRDA:60,63,0,2
BRDA:60,64,0,2
BRF:65
BRH:46
end_of_record
TN:
SF:src\modules\users\services\UpdateAvatarService.ts
FN:44,__decorate
FN:44,__metadata
FN:44,__param
FN:44,__awaiter
FN:44,adopt
FN:44,fulfilled
FN:44,rejected
FN:44,step
FN:44,__generator
FN:44,sent
FN:44,g.<computed>
FN:44,verb
FN:44,step
FN:44,__importDefault
FN:15,UpdateAvatarService
FN:23,UpdateAvatarService.execute
FNF:16
FNH:14
FNDA:1,__decorate
FNDA:1,__metadata
FNDA:2,__param
FNDA:4,__awaiter
FNDA:10,adopt
FNDA:10,fulfilled
FNDA:0,rejected
FNDA:13,step
FNDA:4,__generator
FNDA:10,sent
FNDA:0,g.<computed>
FNDA:12,verb
FNDA:14,step
FNDA:1,__importDefault
FNDA:3,UpdateAvatarService
FNDA:4,UpdateAvatarService.execute
DA:1,1
DA:2,1
DA:3,1
DA:4,1
DA:5,1
DA:6,1
DA:7,1
DA:8,1
DA:9,1
DA:10,1
DA:11,1
DA:12,1
DA:13,1
DA:14,1
DA:15,1
DA:16,3
DA:17,3
DA:18,3
DA:19,3
DA:20,3
DA:21,3
DA:22,1
DA:23,1
DA:24,4
DA:25,4
DA:26,4
DA:27,1
DA:28,1
DA:29,3
DA:30,4
DA:31,1
DA:32,1
DA:33,3
DA:34,3
DA:35,4
DA:36,4
DA:37,4
DA:38,4
DA:39,4
DA:40,4
DA:41,4
DA:42,1
DA:43,1
DA:44,1
LF:44
LH:44
BRDA:44,0,0,1
BRDA:44,1,0,1
BRDA:44,2,0,0
BRDA:44,3,0,0
BRDA:44,4,0,0
BRDA:44,5,0,0
BRDA:44,6,0,1
BRDA:44,7,0,2
BRDA:44,8,0,2
BRDA:44,9,0,4
BRDA:44,10,0,10
BRDA:44,11,0,0
BRDA:44,12,0,4
BRDA:44,13,0,10
BRDA:44,14,0,9
BRDA:44,15,0,1
BRDA:44,16,0,13
BRDA:44,17,0,3
BRDA:44,18,0,10
BRDA:44,19,0,4
BRDA:44,20,0,10
BRDA:44,21,0,0
BRDA:44,22,0,12
BRDA:44,23,0,14
BRDA:44,24,0,14
BRDA:44,25,0,0
BRDA:44,26,0,28
BRDA:44,27,0,0
BRDA:44,28,0,0
BRDA:44,29,0,0
BRDA:44,30,0,0
BRDA:44,31,0,14
BRDA:44,32,0,14
BRDA:44,33,0,10
BRDA:44,34,0,0
BRDA:44,35,0,0
BRDA:44,36,0,4
BRDA:44,37,0,0
BRDA:44,38,0,3
BRDA:44,39,0,0
BRDA:44,40,0,0
BRDA:44,41,0,0
BRDA:44,42,0,0
BRDA:44,43,0,14
BRDA:44,44,0,13
BRDA:44,45,0,1
BRDA:44,46,0,14
BRDA:44,47,0,4
BRDA:44,48,0,1
BRDA:44,49,0,3
BRDA:44,50,0,0
BRDA:44,51,0,1
BRDA:44,52,0,0
BRDA:14,53,0,1
BRDA:15,54,0,3
BRDA:23,55,0,4
BRDA:44,56,0,4
BRDA:44,57,0,14
BRDA:24,58,0,4
BRDA:44,59,0,4
BRDA:26,60,0,1
BRDA:28,61,0,3
BRDA:30,62,0,1
BRDA:32,63,0,3
BRDA:44,64,0,3
BRDA:44,65,0,3
BRF:66
BRH:46
end_of_record
